2019-04-17 09:47:56,842 [myid:] - INFO  [main:QuorumPeerConfig@103] - Reading configuration from: /home/cmy/workspace/lenssgithub/ResilientMStorm/MasterNode/deployable/zookeeper-3.4.6/bin/../conf/zoo.cfg
2019-04-17 09:47:56,845 [myid:] - INFO  [main:DatadirCleanupManager@78] - autopurge.snapRetainCount set to 3
2019-04-17 09:47:56,845 [myid:] - INFO  [main:DatadirCleanupManager@79] - autopurge.purgeInterval set to 0
2019-04-17 09:47:56,845 [myid:] - INFO  [main:DatadirCleanupManager@101] - Purge task is not scheduled.
2019-04-17 09:47:56,846 [myid:] - WARN  [main:QuorumPeerMain@113] - Either no config or no quorum defined in config, running  in standalone mode
2019-04-17 09:47:56,852 [myid:] - INFO  [main:QuorumPeerConfig@103] - Reading configuration from: /home/cmy/workspace/lenssgithub/ResilientMStorm/MasterNode/deployable/zookeeper-3.4.6/bin/../conf/zoo.cfg
2019-04-17 09:47:56,852 [myid:] - INFO  [main:ZooKeeperServerMain@95] - Starting server
2019-04-17 09:47:56,856 [myid:] - INFO  [main:Environment@100] - Server environment:zookeeper.version=3.4.6-1569965, built on 02/20/2014 09:09 GMT
2019-04-17 09:47:56,856 [myid:] - INFO  [main:Environment@100] - Server environment:host.name=cmy-lenss
2019-04-17 09:47:56,856 [myid:] - INFO  [main:Environment@100] - Server environment:java.version=1.8.0_191
2019-04-17 09:47:56,856 [myid:] - INFO  [main:Environment@100] - Server environment:java.vendor=Oracle Corporation
2019-04-17 09:47:56,856 [myid:] - INFO  [main:Environment@100] - Server environment:java.home=/usr/lib/jvm/java-8-openjdk-amd64/jre
2019-04-17 09:47:56,856 [myid:] - INFO  [main:Environment@100] - Server environment:java.class.path=/home/cmy/workspace/lenssgithub/ResilientMStorm/MasterNode/deployable/zookeeper-3.4.6/bin/../build/classes:/home/cmy/workspace/lenssgithub/ResilientMStorm/MasterNode/deployable/zookeeper-3.4.6/bin/../build/lib/*.jar:/home/cmy/workspace/lenssgithub/ResilientMStorm/MasterNode/deployable/zookeeper-3.4.6/bin/../lib/slf4j-log4j12-1.6.1.jar:/home/cmy/workspace/lenssgithub/ResilientMStorm/MasterNode/deployable/zookeeper-3.4.6/bin/../lib/slf4j-api-1.6.1.jar:/home/cmy/workspace/lenssgithub/ResilientMStorm/MasterNode/deployable/zookeeper-3.4.6/bin/../lib/netty-3.7.0.Final.jar:/home/cmy/workspace/lenssgithub/ResilientMStorm/MasterNode/deployable/zookeeper-3.4.6/bin/../lib/log4j-1.2.16.jar:/home/cmy/workspace/lenssgithub/ResilientMStorm/MasterNode/deployable/zookeeper-3.4.6/bin/../lib/jline-0.9.94.jar:/home/cmy/workspace/lenssgithub/ResilientMStorm/MasterNode/deployable/zookeeper-3.4.6/bin/../zookeeper-3.4.6.jar:/home/cmy/workspace/lenssgithub/ResilientMStorm/MasterNode/deployable/zookeeper-3.4.6/bin/../src/java/lib/*.jar:/home/cmy/workspace/lenssgithub/ResilientMStorm/MasterNode/deployable/zookeeper-3.4.6/bin/../conf:
2019-04-17 09:47:56,856 [myid:] - INFO  [main:Environment@100] - Server environment:java.library.path=/usr/java/packages/lib/amd64:/usr/lib/x86_64-linux-gnu/jni:/lib/x86_64-linux-gnu:/usr/lib/x86_64-linux-gnu:/usr/lib/jni:/lib:/usr/lib
2019-04-17 09:47:56,856 [myid:] - INFO  [main:Environment@100] - Server environment:java.io.tmpdir=/tmp
2019-04-17 09:47:56,856 [myid:] - INFO  [main:Environment@100] - Server environment:java.compiler=<NA>
2019-04-17 09:47:56,857 [myid:] - INFO  [main:Environment@100] - Server environment:os.name=Linux
2019-04-17 09:47:56,857 [myid:] - INFO  [main:Environment@100] - Server environment:os.arch=amd64
2019-04-17 09:47:56,857 [myid:] - INFO  [main:Environment@100] - Server environment:os.version=4.15.0-36-generic
2019-04-17 09:47:56,857 [myid:] - INFO  [main:Environment@100] - Server environment:user.name=cmy
2019-04-17 09:47:56,857 [myid:] - INFO  [main:Environment@100] - Server environment:user.home=/home/cmy
2019-04-17 09:47:56,857 [myid:] - INFO  [main:Environment@100] - Server environment:user.dir=/home/cmy/workspace/lenssgithub/ResilientMStorm/MasterNode/deployable
2019-04-17 09:47:56,860 [myid:] - INFO  [main:ZooKeeperServer@755] - tickTime set to 2000
2019-04-17 09:47:56,860 [myid:] - INFO  [main:ZooKeeperServer@764] - minSessionTimeout set to -1
2019-04-17 09:47:56,860 [myid:] - INFO  [main:ZooKeeperServer@773] - maxSessionTimeout set to -1
2019-04-17 09:47:56,865 [myid:] - INFO  [main:NIOServerCnxnFactory@94] - binding to port 0.0.0.0/0.0.0.0:2181
2019-04-17 09:47:56,866 [myid:] - ERROR [main:ZooKeeperServerMain@63] - Unexpected exception, exiting abnormally
java.net.BindException: Address already in use
	at sun.nio.ch.Net.bind0(Native Method)
	at sun.nio.ch.Net.bind(Net.java:433)
	at sun.nio.ch.Net.bind(Net.java:425)
	at sun.nio.ch.ServerSocketChannelImpl.bind(ServerSocketChannelImpl.java:223)
	at sun.nio.ch.ServerSocketAdaptor.bind(ServerSocketAdaptor.java:74)
	at sun.nio.ch.ServerSocketAdaptor.bind(ServerSocketAdaptor.java:67)
	at org.apache.zookeeper.server.NIOServerCnxnFactory.configure(NIOServerCnxnFactory.java:95)
	at org.apache.zookeeper.server.ZooKeeperServerMain.runFromConfig(ZooKeeperServerMain.java:111)
	at org.apache.zookeeper.server.ZooKeeperServerMain.initializeAndRun(ZooKeeperServerMain.java:86)
	at org.apache.zookeeper.server.ZooKeeperServerMain.main(ZooKeeperServerMain.java:52)
	at org.apache.zookeeper.server.quorum.QuorumPeerMain.initializeAndRun(QuorumPeerMain.java:116)
	at org.apache.zookeeper.server.quorum.QuorumPeerMain.main(QuorumPeerMain.java:78)
